<?xml version="1.0" encoding="UTF-8" ?>
<testsuite tests="10" failures="0" name="stepdefs.TestRunner" time="0.196" errors="0" skipped="10">
  <properties>
    <property name="java.runtime.name" value="OpenJDK Runtime Environment"/>
    <property name="sun.boot.library.path" value="/usr/lib/jvm/java-8-openjdk-amd64/jre/lib/amd64"/>
    <property name="java.vm.version" value="25.265-b01"/>
    <property name="java.vm.vendor" value="Private Build"/>
    <property name="maven.multiModuleProjectDirectory" value="/home/satyamshukla161/eclipse-workspace/Phase2"/>
    <property name="java.vendor.url" value="http://java.oracle.com/"/>
    <property name="path.separator" value=":"/>
    <property name="guice.disable.misplaced.annotation.check" value="true"/>
    <property name="java.vm.name" value="OpenJDK 64-Bit Server VM"/>
    <property name="file.encoding.pkg" value="sun.io"/>
    <property name="user.country" value="US"/>
    <property name="sun.java.launcher" value="SUN_STANDARD"/>
    <property name="sun.os.patch.level" value="unknown"/>
    <property name="java.vm.specification.name" value="Java Virtual Machine Specification"/>
    <property name="user.dir" value="/home/satyamshukla161/eclipse-workspace/Phase2"/>
    <property name="java.runtime.version" value="1.8.0_265-8u265-b01-0ubuntu2~16.04-b01"/>
    <property name="java.awt.graphicsenv" value="sun.awt.X11GraphicsEnvironment"/>
    <property name="java.endorsed.dirs" value="/usr/lib/jvm/java-8-openjdk-amd64/jre/lib/endorsed"/>
    <property name="os.arch" value="amd64"/>
    <property name="java.io.tmpdir" value="/tmp"/>
    <property name="line.separator" value="
"/>
    <property name="java.vm.specification.vendor" value="Oracle Corporation"/>
    <property name="os.name" value="Linux"/>
    <property name="classworlds.conf" value="/home/satyamshukla161/eclipse-workspace/.metadata/.plugins/org.eclipse.m2e.launching/launches/m2conf1340921974747151623.tmp"/>
    <property name="sun.jnu.encoding" value="UTF-8"/>
    <property name="java.library.path" value="/usr/java/packages/lib/amd64:/usr/lib/x86_64-linux-gnu/jni:/lib/x86_64-linux-gnu:/usr/lib/x86_64-linux-gnu:/usr/lib/jni:/lib:/usr/lib"/>
    <property name="java.specification.name" value="Java Platform API Specification"/>
    <property name="java.class.version" value="52.0"/>
    <property name="sun.management.compiler" value="HotSpot 64-Bit Tiered Compilers"/>
    <property name="os.version" value="4.4.0-1113-aws"/>
    <property name="user.home" value="/home/satyamshukla161"/>
    <property name="user.timezone" value="Etc/UTC"/>
    <property name="java.awt.printerjob" value="sun.print.PSPrinterJob"/>
    <property name="file.encoding" value="UTF-8"/>
    <property name="java.specification.version" value="1.8"/>
    <property name="user.name" value="satyamshukla161"/>
    <property name="java.class.path" value="/opt/eclipse/plugins/org.eclipse.m2e.maven.runtime_1.9.1.20180912-1600/jars/plexus-classworlds-2.5.2.jar"/>
    <property name="java.vm.specification.version" value="1.8"/>
    <property name="sun.arch.data.model" value="64"/>
    <property name="java.home" value="/usr/lib/jvm/java-8-openjdk-amd64/jre"/>
    <property name="sun.java.command" value="org.codehaus.plexus.classworlds.launcher.Launcher -B test"/>
    <property name="java.specification.vendor" value="Oracle Corporation"/>
    <property name="user.language" value="en"/>
    <property name="awt.toolkit" value="sun.awt.X11.XToolkit"/>
    <property name="java.vm.info" value="mixed mode"/>
    <property name="java.version" value="1.8.0_265"/>
    <property name="java.ext.dirs" value="/usr/lib/jvm/java-8-openjdk-amd64/jre/lib/ext:/usr/java/packages/lib/ext"/>
    <property name="securerandom.source" value="file:/dev/./urandom"/>
    <property name="sun.boot.class.path" value="/usr/lib/jvm/java-8-openjdk-amd64/jre/lib/resources.jar:/usr/lib/jvm/java-8-openjdk-amd64/jre/lib/rt.jar:/usr/lib/jvm/java-8-openjdk-amd64/jre/lib/sunrsasign.jar:/usr/lib/jvm/java-8-openjdk-amd64/jre/lib/jsse.jar:/usr/lib/jvm/java-8-openjdk-amd64/jre/lib/jce.jar:/usr/lib/jvm/java-8-openjdk-amd64/jre/lib/charsets.jar:/usr/lib/jvm/java-8-openjdk-amd64/jre/lib/jfr.jar:/usr/lib/jvm/java-8-openjdk-amd64/jre/classes"/>
    <property name="java.vendor" value="Private Build"/>
    <property name="maven.home" value="/home/satyamshukla161/eclipse-workspace/Phase2/EMBEDDED"/>
    <property name="file.separator" value="/"/>
    <property name="java.vendor.url.bug" value="http://bugreport.sun.com/bugreport/"/>
    <property name="sun.cpu.endian" value="little"/>
    <property name="sun.io.unicode.encoding" value="UnicodeLittle"/>
    <property name="sun.cpu.isalist" value=""/>
  </properties>
  <testcase classname="Login Feature" name="Verify that when user enters correct user name and password they should be able to login successfully" time="0.033">
    <skipped/>
    <system-out>@Login
Feature: Login Feature
  Description: This feature will be used to login to Simplilearn Application

  Scenario Outline: Verify that when user enters correct user name and password they should be able to login successfully # src/test/java/Features/Login.feature:5
    Given User has opened the Swaglab application
    When User enters username &quot;&lt;UserName&gt;&quot;
    And User enters password &quot;&lt;Password&gt;&quot;
    And User clicks on Login button
    Then User should be landed on the Products Page

    Examples: 

  @Login
  Scenario Outline: Verify that when user enters correct user name and password they should be able to login successfully # src/test/java/Features/Login.feature:14
    Given User has opened the Swaglab application                                                                         # null
    When User enters username &quot;standard_user&quot;                                                                             # null
    And User enters password &quot;secret_sauce&quot;                                                                               # null
    And User clicks on Login button                                                                                       # null
    Then User should be landed on the Products Page                                                                       # null
</system-out>
  </testcase>
  <testcase classname="Login Feature" name="Verify that when user enters correct user name and password they should be able to login successfully" time="0.034">
    <skipped/>
  </testcase>
  <testcase classname="Login Feature" name="Verify that when user enters correct user name and password they should be able to login successfully" time="0.034">
    <skipped/>
  </testcase>
  <testcase classname="Login Feature" name="Verify that when user enters correct user name and password they should be able to login successfully" time="0.034">
    <skipped/>
  </testcase>
  <testcase classname="Login Feature" name="Verify that when user enters correct user name and password they should be able to login successfully" time="0.034">
    <skipped/>
  </testcase>
  <testcase classname="Login Feature" name="Verify that when user enters Wrong user name and password they should be able to login successfully" time="0.005">
    <skipped/>
    <system-out>
  Scenario Outline: Verify that when user enters Wrong user name and password they should be able to login successfully # src/test/java/Features/Login.feature:17
    Given User has opened the Swaglab application
    When User enters username &quot;&lt;UserName&gt;&quot;
    And User enters password &quot;&lt;Password&gt;&quot;
    And User clicks on Login button
    Then User should be getting the &quot;&lt;Error&gt;&quot;

    Examples: 

  @Login
  Scenario Outline: Verify that when user enters Wrong user name and password they should be able to login successfully # src/test/java/Features/Login.feature:26
    Given User has opened the Swaglab application                                                                       # null
    When User enters username &quot;standard_user&quot;                                                                           # null
    And User enters password &quot;secret&quot;                                                                                   # null
    And User clicks on Login button                                                                                     # null
    Then User should be getting the &quot;Epic sadface: Username and password do not match any user in this service&quot;         # null
</system-out>
  </testcase>
  <testcase classname="Login Feature" name="Verify that when user enters Wrong user name and password they should be able to login successfully" time="0.005">
    <skipped/>
  </testcase>
  <testcase classname="Login Feature" name="Verify that when user enters Wrong user name and password they should be able to login successfully" time="0.005">
    <skipped/>
  </testcase>
  <testcase classname="Login Feature" name="Verify that when user enters Wrong user name and password they should be able to login successfully" time="0.006">
    <skipped/>
  </testcase>
  <testcase classname="Login Feature" name="Verify that when user enters Wrong user name and password they should be able to login successfully" time="0.006">
    <skipped/>
  </testcase>
</testsuite>